{"C:\\repositorios\\faculdade\\api-express-N1\\src\\app.js": {"path":"C:\\repositorios\\faculdade\\api-express-N1\\src\\app.js","statementMap":{"0":{"start":{"line":1,"column":16},"end":{"line":1,"column":34}},"1":{"start":{"line":3,"column":13},"end":{"line":3,"column":17}},"2":{"start":{"line":5,"column":12},"end":{"line":5,"column":21}},"3":{"start":{"line":6,"column":0},"end":{"line":6,"column":24}},"4":{"start":{"line":8,"column":0},"end":{"line":8,"column":49}},"5":{"start":{"line":9,"column":0},"end":{"line":9,"column":49}},"6":{"start":{"line":10,"column":0},"end":{"line":10,"column":53}},"7":{"start":{"line":11,"column":0},"end":{"line":11,"column":59}},"8":{"start":{"line":13,"column":17},"end":{"line":13,"column":41}},"9":{"start":{"line":14,"column":0},"end":{"line":14,"column":27}},"10":{"start":{"line":16,"column":0},"end":{"line":18,"column":3}},"11":{"start":{"line":17,"column":4},"end":{"line":17,"column":57}},"12":{"start":{"line":20,"column":15},"end":{"line":22,"column":2}},"13":{"start":{"line":21,"column":4},"end":{"line":21,"column":47}},"14":{"start":{"line":24,"column":0},"end":{"line":24,"column":24}}},"fnMap":{"0":{"name":"(anonymous_0)","decl":{"start":{"line":16,"column":13},"end":{"line":16,"column":14}},"loc":{"start":{"line":16,"column":33},"end":{"line":18,"column":1}},"line":16},"1":{"name":"(anonymous_1)","decl":{"start":{"line":20,"column":32},"end":{"line":20,"column":33}},"loc":{"start":{"line":20,"column":38},"end":{"line":22,"column":1}},"line":20}},"branchMap":{},"s":{"0":1,"1":1,"2":1,"3":1,"4":1,"5":1,"6":1,"7":1,"8":1,"9":1,"10":1,"11":1,"12":1,"13":1,"14":1},"f":{"0":1,"1":1},"b":{},"_coverageSchema":"1a1c01bbd47fc00a2c39e90264f33305004495a9","hash":"18af3d4417e52d0b87a2addc5a5378fe931c00cf"}
,"C:\\repositorios\\faculdade\\api-express-N1\\src\\db\\database.js": {"path":"C:\\repositorios\\faculdade\\api-express-N1\\src\\db\\database.js","statementMap":{"0":{"start":{"line":1,"column":27},"end":{"line":1,"column":43}},"1":{"start":{"line":2,"column":12},"end":{"line":2,"column":16}},"2":{"start":{"line":4,"column":0},"end":{"line":28,"column":1}},"3":{"start":{"line":7,"column":8},"end":{"line":12,"column":11}},"4":{"start":{"line":13,"column":8},"end":{"line":13,"column":25}},"5":{"start":{"line":14,"column":8},"end":{"line":14,"column":21}},"6":{"start":{"line":18,"column":8},"end":{"line":18,"column":21}},"7":{"start":{"line":22,"column":8},"end":{"line":25,"column":11}},"8":{"start":{"line":23,"column":12},"end":{"line":23,"column":31}},"9":{"start":{"line":23,"column":21},"end":{"line":23,"column":31}}},"fnMap":{"0":{"name":"(anonymous_0)","decl":{"start":{"line":6,"column":4},"end":{"line":6,"column":5}},"loc":{"start":{"line":6,"column":22},"end":{"line":15,"column":5}},"line":6},"1":{"name":"(anonymous_1)","decl":{"start":{"line":17,"column":4},"end":{"line":17,"column":5}},"loc":{"start":{"line":17,"column":14},"end":{"line":19,"column":5}},"line":17},"2":{"name":"(anonymous_2)","decl":{"start":{"line":21,"column":4},"end":{"line":21,"column":5}},"loc":{"start":{"line":21,"column":16},"end":{"line":26,"column":5}},"line":21},"3":{"name":"(anonymous_3)","decl":{"start":{"line":22,"column":22},"end":{"line":22,"column":23}},"loc":{"start":{"line":22,"column":31},"end":{"line":25,"column":9}},"line":22}},"branchMap":{"0":{"loc":{"start":{"line":23,"column":12},"end":{"line":23,"column":31}},"type":"if","locations":[{"start":{"line":23,"column":12},"end":{"line":23,"column":31}},{"start":{},"end":{}}],"line":23}},"s":{"0":1,"1":1,"2":1,"3":1,"4":1,"5":1,"6":0,"7":1,"8":0,"9":0},"f":{"0":1,"1":0,"2":1,"3":0},"b":{"0":[0,0]},"_coverageSchema":"1a1c01bbd47fc00a2c39e90264f33305004495a9","hash":"cdbfee6db691924ba2b67544b158ef0c12256a7a"}
,"C:\\repositorios\\faculdade\\api-express-N1\\src\\routes\\categoria.js": {"path":"C:\\repositorios\\faculdade\\api-express-N1\\src\\routes\\categoria.js","statementMap":{"0":{"start":{"line":1,"column":16},"end":{"line":1,"column":34}},"1":{"start":{"line":2,"column":15},"end":{"line":2,"column":31}},"2":{"start":{"line":4,"column":23},"end":{"line":4,"column":52}},"3":{"start":{"line":6,"column":0},"end":{"line":10,"column":3}},"4":{"start":{"line":7,"column":22},"end":{"line":7,"column":43}},"5":{"start":{"line":8,"column":16},"end":{"line":8,"column":51}},"6":{"start":{"line":9,"column":4},"end":{"line":9,"column":25}},"7":{"start":{"line":12,"column":0},"end":{"line":17,"column":3}},"8":{"start":{"line":13,"column":24},"end":{"line":13,"column":47}},"9":{"start":{"line":14,"column":22},"end":{"line":14,"column":43}},"10":{"start":{"line":15,"column":16},"end":{"line":15,"column":64}},"11":{"start":{"line":16,"column":4},"end":{"line":16,"column":25}},"12":{"start":{"line":19,"column":0},"end":{"line":23,"column":3}},"13":{"start":{"line":20,"column":20},"end":{"line":20,"column":41}},"14":{"start":{"line":21,"column":19},"end":{"line":21,"column":65}},"15":{"start":{"line":22,"column":4},"end":{"line":22,"column":28}},"16":{"start":{"line":25,"column":0},"end":{"line":30,"column":3}},"17":{"start":{"line":26,"column":22},"end":{"line":26,"column":43}},"18":{"start":{"line":27,"column":24},"end":{"line":27,"column":47}},"19":{"start":{"line":28,"column":19},"end":{"line":28,"column":77}},"20":{"start":{"line":29,"column":4},"end":{"line":29,"column":28}},"21":{"start":{"line":32,"column":0},"end":{"line":37,"column":3}},"22":{"start":{"line":33,"column":22},"end":{"line":33,"column":43}},"23":{"start":{"line":34,"column":24},"end":{"line":34,"column":47}},"24":{"start":{"line":35,"column":19},"end":{"line":35,"column":70}},"25":{"start":{"line":36,"column":4},"end":{"line":36,"column":28}},"26":{"start":{"line":39,"column":0},"end":{"line":39,"column":24}}},"fnMap":{"0":{"name":"(anonymous_0)","decl":{"start":{"line":6,"column":26},"end":{"line":6,"column":27}},"loc":{"start":{"line":6,"column":46},"end":{"line":10,"column":1}},"line":6},"1":{"name":"(anonymous_1)","decl":{"start":{"line":12,"column":39},"end":{"line":12,"column":40}},"loc":{"start":{"line":12,"column":59},"end":{"line":17,"column":1}},"line":12},"2":{"name":"(anonymous_2)","decl":{"start":{"line":19,"column":27},"end":{"line":19,"column":28}},"loc":{"start":{"line":19,"column":47},"end":{"line":23,"column":1}},"line":19},"3":{"name":"(anonymous_3)","decl":{"start":{"line":25,"column":39},"end":{"line":25,"column":40}},"loc":{"start":{"line":25,"column":59},"end":{"line":30,"column":1}},"line":25},"4":{"name":"(anonymous_4)","decl":{"start":{"line":32,"column":42},"end":{"line":32,"column":43}},"loc":{"start":{"line":32,"column":62},"end":{"line":37,"column":1}},"line":32}},"branchMap":{},"s":{"0":1,"1":1,"2":1,"3":1,"4":0,"5":0,"6":0,"7":1,"8":0,"9":0,"10":0,"11":0,"12":1,"13":0,"14":0,"15":0,"16":1,"17":0,"18":0,"19":0,"20":0,"21":1,"22":0,"23":0,"24":0,"25":0,"26":1},"f":{"0":0,"1":0,"2":0,"3":0,"4":0},"b":{},"_coverageSchema":"1a1c01bbd47fc00a2c39e90264f33305004495a9","hash":"c74832126f5f9b2f5d62ef56ee84af6f627d0091"}
,"C:\\repositorios\\faculdade\\api-express-N1\\src\\routes\\empresa.js": {"path":"C:\\repositorios\\faculdade\\api-express-N1\\src\\routes\\empresa.js","statementMap":{"0":{"start":{"line":1,"column":16},"end":{"line":1,"column":34}},"1":{"start":{"line":2,"column":15},"end":{"line":2,"column":31}},"2":{"start":{"line":4,"column":21},"end":{"line":4,"column":48}},"3":{"start":{"line":6,"column":0},"end":{"line":9,"column":3}},"4":{"start":{"line":7,"column":16},"end":{"line":7,"column":40}},"5":{"start":{"line":8,"column":4},"end":{"line":8,"column":25}},"6":{"start":{"line":11,"column":0},"end":{"line":15,"column":3}},"7":{"start":{"line":12,"column":22},"end":{"line":12,"column":43}},"8":{"start":{"line":13,"column":16},"end":{"line":13,"column":49}},"9":{"start":{"line":14,"column":4},"end":{"line":14,"column":25}},"10":{"start":{"line":17,"column":0},"end":{"line":20,"column":3}},"11":{"start":{"line":18,"column":19},"end":{"line":18,"column":52}},"12":{"start":{"line":19,"column":4},"end":{"line":19,"column":28}},"13":{"start":{"line":22,"column":0},"end":{"line":26,"column":3}},"14":{"start":{"line":23,"column":22},"end":{"line":23,"column":43}},"15":{"start":{"line":24,"column":19},"end":{"line":24,"column":62}},"16":{"start":{"line":25,"column":4},"end":{"line":25,"column":28}},"17":{"start":{"line":28,"column":0},"end":{"line":32,"column":3}},"18":{"start":{"line":29,"column":22},"end":{"line":29,"column":43}},"19":{"start":{"line":30,"column":19},"end":{"line":30,"column":55}},"20":{"start":{"line":31,"column":4},"end":{"line":31,"column":28}},"21":{"start":{"line":34,"column":0},"end":{"line":34,"column":24}}},"fnMap":{"0":{"name":"(anonymous_0)","decl":{"start":{"line":6,"column":16},"end":{"line":6,"column":17}},"loc":{"start":{"line":6,"column":36},"end":{"line":9,"column":1}},"line":6},"1":{"name":"(anonymous_1)","decl":{"start":{"line":11,"column":26},"end":{"line":11,"column":27}},"loc":{"start":{"line":11,"column":46},"end":{"line":15,"column":1}},"line":11},"2":{"name":"(anonymous_2)","decl":{"start":{"line":17,"column":17},"end":{"line":17,"column":18}},"loc":{"start":{"line":17,"column":37},"end":{"line":20,"column":1}},"line":17},"3":{"name":"(anonymous_3)","decl":{"start":{"line":22,"column":26},"end":{"line":22,"column":27}},"loc":{"start":{"line":22,"column":46},"end":{"line":26,"column":1}},"line":22},"4":{"name":"(anonymous_4)","decl":{"start":{"line":28,"column":29},"end":{"line":28,"column":30}},"loc":{"start":{"line":28,"column":49},"end":{"line":32,"column":1}},"line":28}},"branchMap":{},"s":{"0":1,"1":1,"2":1,"3":1,"4":0,"5":0,"6":1,"7":0,"8":0,"9":0,"10":1,"11":0,"12":0,"13":1,"14":0,"15":0,"16":0,"17":1,"18":0,"19":0,"20":0,"21":1},"f":{"0":0,"1":0,"2":0,"3":0,"4":0},"b":{},"_coverageSchema":"1a1c01bbd47fc00a2c39e90264f33305004495a9","hash":"27009930710b7639ee3f00c4ba4a93b484ff8cb1"}
,"C:\\repositorios\\faculdade\\api-express-N1\\src\\routes\\subcategoria.js": {"path":"C:\\repositorios\\faculdade\\api-express-N1\\src\\routes\\subcategoria.js","statementMap":{"0":{"start":{"line":1,"column":16},"end":{"line":1,"column":34}},"1":{"start":{"line":2,"column":15},"end":{"line":2,"column":31}},"2":{"start":{"line":4,"column":26},"end":{"line":4,"column":58}},"3":{"start":{"line":6,"column":0},"end":{"line":11,"column":3}},"4":{"start":{"line":7,"column":22},"end":{"line":7,"column":43}},"5":{"start":{"line":8,"column":24},"end":{"line":8,"column":47}},"6":{"start":{"line":9,"column":16},"end":{"line":9,"column":67}},"7":{"start":{"line":10,"column":4},"end":{"line":10,"column":25}},"8":{"start":{"line":13,"column":0},"end":{"line":19,"column":3}},"9":{"start":{"line":14,"column":22},"end":{"line":14,"column":43}},"10":{"start":{"line":15,"column":24},"end":{"line":15,"column":47}},"11":{"start":{"line":16,"column":27},"end":{"line":16,"column":53}},"12":{"start":{"line":17,"column":16},"end":{"line":17,"column":83}},"13":{"start":{"line":18,"column":4},"end":{"line":18,"column":25}},"14":{"start":{"line":21,"column":0},"end":{"line":26,"column":3}},"15":{"start":{"line":22,"column":20},"end":{"line":22,"column":41}},"16":{"start":{"line":23,"column":22},"end":{"line":23,"column":45}},"17":{"start":{"line":24,"column":19},"end":{"line":24,"column":81}},"18":{"start":{"line":25,"column":4},"end":{"line":25,"column":28}},"19":{"start":{"line":28,"column":0},"end":{"line":34,"column":3}},"20":{"start":{"line":29,"column":22},"end":{"line":29,"column":43}},"21":{"start":{"line":30,"column":24},"end":{"line":30,"column":47}},"22":{"start":{"line":31,"column":27},"end":{"line":31,"column":53}},"23":{"start":{"line":32,"column":19},"end":{"line":32,"column":96}},"24":{"start":{"line":33,"column":4},"end":{"line":33,"column":28}},"25":{"start":{"line":36,"column":0},"end":{"line":42,"column":3}},"26":{"start":{"line":37,"column":22},"end":{"line":37,"column":43}},"27":{"start":{"line":38,"column":24},"end":{"line":38,"column":47}},"28":{"start":{"line":39,"column":27},"end":{"line":39,"column":53}},"29":{"start":{"line":40,"column":19},"end":{"line":40,"column":89}},"30":{"start":{"line":41,"column":4},"end":{"line":41,"column":28}},"31":{"start":{"line":44,"column":0},"end":{"line":44,"column":24}}},"fnMap":{"0":{"name":"(anonymous_0)","decl":{"start":{"line":6,"column":39},"end":{"line":6,"column":40}},"loc":{"start":{"line":6,"column":59},"end":{"line":11,"column":1}},"line":6},"1":{"name":"(anonymous_1)","decl":{"start":{"line":13,"column":55},"end":{"line":13,"column":56}},"loc":{"start":{"line":13,"column":75},"end":{"line":19,"column":1}},"line":13},"2":{"name":"(anonymous_2)","decl":{"start":{"line":21,"column":40},"end":{"line":21,"column":41}},"loc":{"start":{"line":21,"column":60},"end":{"line":26,"column":1}},"line":21},"3":{"name":"(anonymous_3)","decl":{"start":{"line":28,"column":55},"end":{"line":28,"column":56}},"loc":{"start":{"line":28,"column":75},"end":{"line":34,"column":1}},"line":28},"4":{"name":"(anonymous_4)","decl":{"start":{"line":36,"column":58},"end":{"line":36,"column":59}},"loc":{"start":{"line":36,"column":78},"end":{"line":42,"column":1}},"line":36}},"branchMap":{},"s":{"0":1,"1":1,"2":1,"3":1,"4":0,"5":0,"6":0,"7":0,"8":1,"9":0,"10":0,"11":0,"12":0,"13":0,"14":1,"15":0,"16":0,"17":0,"18":0,"19":1,"20":0,"21":0,"22":0,"23":0,"24":0,"25":1,"26":0,"27":0,"28":0,"29":0,"30":0,"31":1},"f":{"0":0,"1":0,"2":0,"3":0,"4":0},"b":{},"_coverageSchema":"1a1c01bbd47fc00a2c39e90264f33305004495a9","hash":"2d58222fe98f6fe1da72b06a42d5b4ffcf831a2c"}
,"C:\\repositorios\\faculdade\\api-express-N1\\src\\routes\\usuario.js": {"path":"C:\\repositorios\\faculdade\\api-express-N1\\src\\routes\\usuario.js","statementMap":{"0":{"start":{"line":1,"column":16},"end":{"line":1,"column":34}},"1":{"start":{"line":2,"column":15},"end":{"line":2,"column":31}},"2":{"start":{"line":4,"column":21},"end":{"line":4,"column":48}},"3":{"start":{"line":6,"column":0},"end":{"line":10,"column":3}},"4":{"start":{"line":7,"column":22},"end":{"line":7,"column":43}},"5":{"start":{"line":8,"column":16},"end":{"line":8,"column":49}},"6":{"start":{"line":9,"column":4},"end":{"line":9,"column":25}},"7":{"start":{"line":12,"column":0},"end":{"line":17,"column":3}},"8":{"start":{"line":13,"column":22},"end":{"line":13,"column":43}},"9":{"start":{"line":14,"column":22},"end":{"line":14,"column":43}},"10":{"start":{"line":15,"column":16},"end":{"line":15,"column":60}},"11":{"start":{"line":16,"column":4},"end":{"line":16,"column":25}},"12":{"start":{"line":19,"column":0},"end":{"line":23,"column":3}},"13":{"start":{"line":20,"column":20},"end":{"line":20,"column":41}},"14":{"start":{"line":21,"column":19},"end":{"line":21,"column":63}},"15":{"start":{"line":22,"column":4},"end":{"line":22,"column":28}},"16":{"start":{"line":25,"column":0},"end":{"line":30,"column":3}},"17":{"start":{"line":26,"column":22},"end":{"line":26,"column":43}},"18":{"start":{"line":27,"column":22},"end":{"line":27,"column":43}},"19":{"start":{"line":28,"column":19},"end":{"line":28,"column":73}},"20":{"start":{"line":29,"column":4},"end":{"line":29,"column":28}},"21":{"start":{"line":32,"column":0},"end":{"line":37,"column":3}},"22":{"start":{"line":33,"column":22},"end":{"line":33,"column":43}},"23":{"start":{"line":34,"column":22},"end":{"line":34,"column":43}},"24":{"start":{"line":35,"column":19},"end":{"line":35,"column":66}},"25":{"start":{"line":36,"column":4},"end":{"line":36,"column":28}},"26":{"start":{"line":39,"column":0},"end":{"line":39,"column":24}}},"fnMap":{"0":{"name":"(anonymous_0)","decl":{"start":{"line":6,"column":26},"end":{"line":6,"column":27}},"loc":{"start":{"line":6,"column":46},"end":{"line":10,"column":1}},"line":6},"1":{"name":"(anonymous_1)","decl":{"start":{"line":12,"column":37},"end":{"line":12,"column":38}},"loc":{"start":{"line":12,"column":57},"end":{"line":17,"column":1}},"line":12},"2":{"name":"(anonymous_2)","decl":{"start":{"line":19,"column":27},"end":{"line":19,"column":28}},"loc":{"start":{"line":19,"column":47},"end":{"line":23,"column":1}},"line":19},"3":{"name":"(anonymous_3)","decl":{"start":{"line":25,"column":37},"end":{"line":25,"column":38}},"loc":{"start":{"line":25,"column":57},"end":{"line":30,"column":1}},"line":25},"4":{"name":"(anonymous_4)","decl":{"start":{"line":32,"column":40},"end":{"line":32,"column":41}},"loc":{"start":{"line":32,"column":60},"end":{"line":37,"column":1}},"line":32}},"branchMap":{},"s":{"0":1,"1":1,"2":1,"3":1,"4":0,"5":0,"6":0,"7":1,"8":0,"9":0,"10":0,"11":0,"12":1,"13":0,"14":0,"15":0,"16":1,"17":0,"18":0,"19":0,"20":0,"21":1,"22":0,"23":0,"24":0,"25":0,"26":1},"f":{"0":0,"1":0,"2":0,"3":0,"4":0},"b":{},"_coverageSchema":"1a1c01bbd47fc00a2c39e90264f33305004495a9","hash":"848c2ebcbb75a1e6f92f9afff7f6358a2e9866ba"}
,"C:\\repositorios\\faculdade\\api-express-N1\\src\\rules\\categoria.js": {"path":"C:\\repositorios\\faculdade\\api-express-N1\\src\\rules\\categoria.js","statementMap":{"0":{"start":{"line":1,"column":11},"end":{"line":1,"column":39}},"1":{"start":{"line":3,"column":0},"end":{"line":80,"column":1}},"2":{"start":{"line":6,"column":8},"end":{"line":29,"column":11}},"3":{"start":{"line":7,"column":24},"end":{"line":7,"column":26}},"4":{"start":{"line":8,"column":22},"end":{"line":15,"column":56}},"5":{"start":{"line":16,"column":12},"end":{"line":18,"column":13}},"6":{"start":{"line":17,"column":16},"end":{"line":17,"column":60}},"7":{"start":{"line":20,"column":12},"end":{"line":28,"column":15}},"8":{"start":{"line":21,"column":16},"end":{"line":21,"column":35}},"9":{"start":{"line":21,"column":25},"end":{"line":21,"column":35}},"10":{"start":{"line":22,"column":16},"end":{"line":25,"column":19}},"11":{"start":{"line":23,"column":32},"end":{"line":23,"column":43}},"12":{"start":{"line":24,"column":20},"end":{"line":24,"column":34}},"13":{"start":{"line":26,"column":28},"end":{"line":26,"column":54}},"14":{"start":{"line":27,"column":16},"end":{"line":27,"column":29}},"15":{"start":{"line":33,"column":8},"end":{"line":43,"column":11}},"16":{"start":{"line":34,"column":22},"end":{"line":36,"column":119}},"17":{"start":{"line":38,"column":12},"end":{"line":42,"column":15}},"18":{"start":{"line":39,"column":16},"end":{"line":39,"column":35}},"19":{"start":{"line":39,"column":25},"end":{"line":39,"column":35}},"20":{"start":{"line":40,"column":28},"end":{"line":40,"column":67}},"21":{"start":{"line":41,"column":16},"end":{"line":41,"column":29}},"22":{"start":{"line":47,"column":8},"end":{"line":49,"column":9}},"23":{"start":{"line":48,"column":12},"end":{"line":48,"column":63}},"24":{"start":{"line":50,"column":8},"end":{"line":64,"column":11}},"25":{"start":{"line":51,"column":26},"end":{"line":51,"column":43}},"26":{"start":{"line":52,"column":22},"end":{"line":57,"column":55}},"27":{"start":{"line":59,"column":12},"end":{"line":63,"column":15}},"28":{"start":{"line":60,"column":16},"end":{"line":60,"column":35}},"29":{"start":{"line":60,"column":25},"end":{"line":60,"column":35}},"30":{"start":{"line":61,"column":28},"end":{"line":61,"column":67}},"31":{"start":{"line":62,"column":16},"end":{"line":62,"column":29}},"32":{"start":{"line":68,"column":8},"end":{"line":77,"column":11}},"33":{"start":{"line":69,"column":22},"end":{"line":71,"column":59}},"34":{"start":{"line":73,"column":12},"end":{"line":76,"column":15}},"35":{"start":{"line":74,"column":16},"end":{"line":74,"column":35}},"36":{"start":{"line":74,"column":25},"end":{"line":74,"column":35}},"37":{"start":{"line":75,"column":16},"end":{"line":75,"column":73}}},"fnMap":{"0":{"name":"(anonymous_0)","decl":{"start":{"line":5,"column":4},"end":{"line":5,"column":5}},"loc":{"start":{"line":5,"column":32},"end":{"line":30,"column":5}},"line":5},"1":{"name":"(anonymous_1)","decl":{"start":{"line":6,"column":27},"end":{"line":6,"column":28}},"loc":{"start":{"line":6,"column":40},"end":{"line":29,"column":9}},"line":6},"2":{"name":"(anonymous_2)","decl":{"start":{"line":20,"column":36},"end":{"line":20,"column":37}},"loc":{"start":{"line":20,"column":53},"end":{"line":28,"column":13}},"line":20},"3":{"name":"(anonymous_3)","decl":{"start":{"line":22,"column":44},"end":{"line":22,"column":45}},"loc":{"start":{"line":22,"column":53},"end":{"line":25,"column":17}},"line":22},"4":{"name":"(anonymous_4)","decl":{"start":{"line":32,"column":4},"end":{"line":32,"column":5}},"loc":{"start":{"line":32,"column":25},"end":{"line":44,"column":5}},"line":32},"5":{"name":"(anonymous_5)","decl":{"start":{"line":33,"column":27},"end":{"line":33,"column":28}},"loc":{"start":{"line":33,"column":40},"end":{"line":43,"column":9}},"line":33},"6":{"name":"(anonymous_6)","decl":{"start":{"line":38,"column":36},"end":{"line":38,"column":37}},"loc":{"start":{"line":38,"column":53},"end":{"line":42,"column":13}},"line":38},"7":{"name":"(anonymous_7)","decl":{"start":{"line":46,"column":4},"end":{"line":46,"column":5}},"loc":{"start":{"line":46,"column":37},"end":{"line":65,"column":5}},"line":46},"8":{"name":"(anonymous_8)","decl":{"start":{"line":50,"column":27},"end":{"line":50,"column":28}},"loc":{"start":{"line":50,"column":40},"end":{"line":64,"column":9}},"line":50},"9":{"name":"(anonymous_9)","decl":{"start":{"line":59,"column":36},"end":{"line":59,"column":37}},"loc":{"start":{"line":59,"column":53},"end":{"line":63,"column":13}},"line":59},"10":{"name":"(anonymous_10)","decl":{"start":{"line":67,"column":4},"end":{"line":67,"column":5}},"loc":{"start":{"line":67,"column":35},"end":{"line":78,"column":5}},"line":67},"11":{"name":"(anonymous_11)","decl":{"start":{"line":68,"column":27},"end":{"line":68,"column":28}},"loc":{"start":{"line":68,"column":40},"end":{"line":77,"column":9}},"line":68},"12":{"name":"(anonymous_12)","decl":{"start":{"line":73,"column":36},"end":{"line":73,"column":37}},"loc":{"start":{"line":73,"column":53},"end":{"line":76,"column":13}},"line":73}},"branchMap":{"0":{"loc":{"start":{"line":16,"column":12},"end":{"line":18,"column":13}},"type":"if","locations":[{"start":{"line":16,"column":12},"end":{"line":18,"column":13}},{"start":{},"end":{}}],"line":16},"1":{"loc":{"start":{"line":21,"column":16},"end":{"line":21,"column":35}},"type":"if","locations":[{"start":{"line":21,"column":16},"end":{"line":21,"column":35}},{"start":{},"end":{}}],"line":21},"2":{"loc":{"start":{"line":26,"column":28},"end":{"line":26,"column":54}},"type":"cond-expr","locations":[{"start":{"line":26,"column":42},"end":{"line":26,"column":48}},{"start":{"line":26,"column":51},"end":{"line":26,"column":54}}],"line":26},"3":{"loc":{"start":{"line":36,"column":98},"end":{"line":36,"column":115}},"type":"cond-expr","locations":[{"start":{"line":36,"column":110},"end":{"line":36,"column":111}},{"start":{"line":36,"column":114},"end":{"line":36,"column":115}}],"line":36},"4":{"loc":{"start":{"line":39,"column":16},"end":{"line":39,"column":35}},"type":"if","locations":[{"start":{"line":39,"column":16},"end":{"line":39,"column":35}},{"start":{},"end":{}}],"line":39},"5":{"loc":{"start":{"line":40,"column":28},"end":{"line":40,"column":67}},"type":"cond-expr","locations":[{"start":{"line":40,"column":55},"end":{"line":40,"column":59}},{"start":{"line":40,"column":62},"end":{"line":40,"column":67}}],"line":40},"6":{"loc":{"start":{"line":47,"column":8},"end":{"line":49,"column":9}},"type":"if","locations":[{"start":{"line":47,"column":8},"end":{"line":49,"column":9}},{"start":{},"end":{}}],"line":47},"7":{"loc":{"start":{"line":51,"column":26},"end":{"line":51,"column":43}},"type":"cond-expr","locations":[{"start":{"line":51,"column":38},"end":{"line":51,"column":39}},{"start":{"line":51,"column":42},"end":{"line":51,"column":43}}],"line":51},"8":{"loc":{"start":{"line":60,"column":16},"end":{"line":60,"column":35}},"type":"if","locations":[{"start":{"line":60,"column":16},"end":{"line":60,"column":35}},{"start":{},"end":{}}],"line":60},"9":{"loc":{"start":{"line":61,"column":28},"end":{"line":61,"column":67}},"type":"cond-expr","locations":[{"start":{"line":61,"column":55},"end":{"line":61,"column":59}},{"start":{"line":61,"column":62},"end":{"line":61,"column":67}}],"line":61},"10":{"loc":{"start":{"line":74,"column":16},"end":{"line":74,"column":35}},"type":"if","locations":[{"start":{"line":74,"column":16},"end":{"line":74,"column":35}},{"start":{},"end":{}}],"line":74}},"s":{"0":1,"1":1,"2":0,"3":0,"4":0,"5":0,"6":0,"7":0,"8":0,"9":0,"10":0,"11":0,"12":0,"13":0,"14":0,"15":0,"16":0,"17":0,"18":0,"19":0,"20":0,"21":0,"22":0,"23":0,"24":0,"25":0,"26":0,"27":0,"28":0,"29":0,"30":0,"31":0,"32":0,"33":0,"34":0,"35":0,"36":0,"37":0},"f":{"0":0,"1":0,"2":0,"3":0,"4":0,"5":0,"6":0,"7":0,"8":0,"9":0,"10":0,"11":0,"12":0},"b":{"0":[0,0],"1":[0,0],"2":[0,0],"3":[0,0],"4":[0,0],"5":[0,0],"6":[0,0],"7":[0,0],"8":[0,0],"9":[0,0],"10":[0,0]},"_coverageSchema":"1a1c01bbd47fc00a2c39e90264f33305004495a9","hash":"56721d2817ccf3f6c7e9bc82b7bcda4aefb9bf11"}
,"C:\\repositorios\\faculdade\\api-express-N1\\src\\rules\\empresa.js": {"path":"C:\\repositorios\\faculdade\\api-express-N1\\src\\rules\\empresa.js","statementMap":{"0":{"start":{"line":1,"column":11},"end":{"line":1,"column":39}},"1":{"start":{"line":3,"column":0},"end":{"line":73,"column":1}},"2":{"start":{"line":6,"column":8},"end":{"line":28,"column":11}},"3":{"start":{"line":7,"column":24},"end":{"line":7,"column":26}},"4":{"start":{"line":8,"column":22},"end":{"line":14,"column":37}},"5":{"start":{"line":15,"column":12},"end":{"line":17,"column":13}},"6":{"start":{"line":16,"column":16},"end":{"line":16,"column":58}},"7":{"start":{"line":19,"column":12},"end":{"line":27,"column":15}},"8":{"start":{"line":20,"column":16},"end":{"line":20,"column":35}},"9":{"start":{"line":20,"column":25},"end":{"line":20,"column":35}},"10":{"start":{"line":21,"column":16},"end":{"line":24,"column":19}},"11":{"start":{"line":22,"column":32},"end":{"line":22,"column":43}},"12":{"start":{"line":23,"column":20},"end":{"line":23,"column":34}},"13":{"start":{"line":25,"column":28},"end":{"line":25,"column":52}},"14":{"start":{"line":26,"column":16},"end":{"line":26,"column":29}},"15":{"start":{"line":32,"column":8},"end":{"line":41,"column":11}},"16":{"start":{"line":33,"column":22},"end":{"line":34,"column":107}},"17":{"start":{"line":36,"column":12},"end":{"line":40,"column":15}},"18":{"start":{"line":37,"column":16},"end":{"line":37,"column":35}},"19":{"start":{"line":37,"column":25},"end":{"line":37,"column":35}},"20":{"start":{"line":38,"column":28},"end":{"line":38,"column":67}},"21":{"start":{"line":39,"column":16},"end":{"line":39,"column":29}},"22":{"start":{"line":45,"column":8},"end":{"line":58,"column":11}},"23":{"start":{"line":46,"column":22},"end":{"line":51,"column":55}},"24":{"start":{"line":53,"column":12},"end":{"line":57,"column":15}},"25":{"start":{"line":54,"column":16},"end":{"line":54,"column":35}},"26":{"start":{"line":54,"column":25},"end":{"line":54,"column":35}},"27":{"start":{"line":55,"column":28},"end":{"line":55,"column":67}},"28":{"start":{"line":56,"column":16},"end":{"line":56,"column":29}},"29":{"start":{"line":62,"column":8},"end":{"line":70,"column":11}},"30":{"start":{"line":63,"column":22},"end":{"line":64,"column":55}},"31":{"start":{"line":66,"column":12},"end":{"line":69,"column":15}},"32":{"start":{"line":67,"column":16},"end":{"line":67,"column":35}},"33":{"start":{"line":67,"column":25},"end":{"line":67,"column":35}},"34":{"start":{"line":68,"column":16},"end":{"line":68,"column":69}}},"fnMap":{"0":{"name":"(anonymous_0)","decl":{"start":{"line":5,"column":4},"end":{"line":5,"column":5}},"loc":{"start":{"line":5,"column":19},"end":{"line":29,"column":5}},"line":5},"1":{"name":"(anonymous_1)","decl":{"start":{"line":6,"column":27},"end":{"line":6,"column":28}},"loc":{"start":{"line":6,"column":40},"end":{"line":28,"column":9}},"line":6},"2":{"name":"(anonymous_2)","decl":{"start":{"line":19,"column":36},"end":{"line":19,"column":37}},"loc":{"start":{"line":19,"column":53},"end":{"line":27,"column":13}},"line":19},"3":{"name":"(anonymous_3)","decl":{"start":{"line":21,"column":44},"end":{"line":21,"column":45}},"loc":{"start":{"line":21,"column":53},"end":{"line":24,"column":17}},"line":21},"4":{"name":"(anonymous_4)","decl":{"start":{"line":31,"column":4},"end":{"line":31,"column":5}},"loc":{"start":{"line":31,"column":14},"end":{"line":42,"column":5}},"line":31},"5":{"name":"(anonymous_5)","decl":{"start":{"line":32,"column":27},"end":{"line":32,"column":28}},"loc":{"start":{"line":32,"column":40},"end":{"line":41,"column":9}},"line":32},"6":{"name":"(anonymous_6)","decl":{"start":{"line":36,"column":36},"end":{"line":36,"column":37}},"loc":{"start":{"line":36,"column":53},"end":{"line":40,"column":13}},"line":36},"7":{"name":"(anonymous_7)","decl":{"start":{"line":44,"column":4},"end":{"line":44,"column":5}},"loc":{"start":{"line":44,"column":24},"end":{"line":59,"column":5}},"line":44},"8":{"name":"(anonymous_8)","decl":{"start":{"line":45,"column":27},"end":{"line":45,"column":28}},"loc":{"start":{"line":45,"column":40},"end":{"line":58,"column":9}},"line":45},"9":{"name":"(anonymous_9)","decl":{"start":{"line":53,"column":36},"end":{"line":53,"column":37}},"loc":{"start":{"line":53,"column":53},"end":{"line":57,"column":13}},"line":53},"10":{"name":"(anonymous_10)","decl":{"start":{"line":61,"column":4},"end":{"line":61,"column":5}},"loc":{"start":{"line":61,"column":22},"end":{"line":71,"column":5}},"line":61},"11":{"name":"(anonymous_11)","decl":{"start":{"line":62,"column":27},"end":{"line":62,"column":28}},"loc":{"start":{"line":62,"column":40},"end":{"line":70,"column":9}},"line":62},"12":{"name":"(anonymous_12)","decl":{"start":{"line":66,"column":36},"end":{"line":66,"column":37}},"loc":{"start":{"line":66,"column":53},"end":{"line":69,"column":13}},"line":66}},"branchMap":{"0":{"loc":{"start":{"line":15,"column":12},"end":{"line":17,"column":13}},"type":"if","locations":[{"start":{"line":15,"column":12},"end":{"line":17,"column":13}},{"start":{},"end":{}}],"line":15},"1":{"loc":{"start":{"line":20,"column":16},"end":{"line":20,"column":35}},"type":"if","locations":[{"start":{"line":20,"column":16},"end":{"line":20,"column":35}},{"start":{},"end":{}}],"line":20},"2":{"loc":{"start":{"line":25,"column":28},"end":{"line":25,"column":52}},"type":"cond-expr","locations":[{"start":{"line":25,"column":40},"end":{"line":25,"column":46}},{"start":{"line":25,"column":49},"end":{"line":25,"column":52}}],"line":25},"3":{"loc":{"start":{"line":34,"column":87},"end":{"line":34,"column":104}},"type":"cond-expr","locations":[{"start":{"line":34,"column":99},"end":{"line":34,"column":100}},{"start":{"line":34,"column":103},"end":{"line":34,"column":104}}],"line":34},"4":{"loc":{"start":{"line":37,"column":16},"end":{"line":37,"column":35}},"type":"if","locations":[{"start":{"line":37,"column":16},"end":{"line":37,"column":35}},{"start":{},"end":{}}],"line":37},"5":{"loc":{"start":{"line":38,"column":28},"end":{"line":38,"column":67}},"type":"cond-expr","locations":[{"start":{"line":38,"column":55},"end":{"line":38,"column":59}},{"start":{"line":38,"column":62},"end":{"line":38,"column":67}}],"line":38},"6":{"loc":{"start":{"line":50,"column":37},"end":{"line":50,"column":54}},"type":"cond-expr","locations":[{"start":{"line":50,"column":49},"end":{"line":50,"column":50}},{"start":{"line":50,"column":53},"end":{"line":50,"column":54}}],"line":50},"7":{"loc":{"start":{"line":54,"column":16},"end":{"line":54,"column":35}},"type":"if","locations":[{"start":{"line":54,"column":16},"end":{"line":54,"column":35}},{"start":{},"end":{}}],"line":54},"8":{"loc":{"start":{"line":55,"column":28},"end":{"line":55,"column":67}},"type":"cond-expr","locations":[{"start":{"line":55,"column":55},"end":{"line":55,"column":59}},{"start":{"line":55,"column":62},"end":{"line":55,"column":67}}],"line":55},"9":{"loc":{"start":{"line":67,"column":16},"end":{"line":67,"column":35}},"type":"if","locations":[{"start":{"line":67,"column":16},"end":{"line":67,"column":35}},{"start":{},"end":{}}],"line":67}},"s":{"0":1,"1":1,"2":0,"3":0,"4":0,"5":0,"6":0,"7":0,"8":0,"9":0,"10":0,"11":0,"12":0,"13":0,"14":0,"15":0,"16":0,"17":0,"18":0,"19":0,"20":0,"21":0,"22":0,"23":0,"24":0,"25":0,"26":0,"27":0,"28":0,"29":0,"30":0,"31":0,"32":0,"33":0,"34":0},"f":{"0":0,"1":0,"2":0,"3":0,"4":0,"5":0,"6":0,"7":0,"8":0,"9":0,"10":0,"11":0,"12":0},"b":{"0":[0,0],"1":[0,0],"2":[0,0],"3":[0,0],"4":[0,0],"5":[0,0],"6":[0,0],"7":[0,0],"8":[0,0],"9":[0,0]},"_coverageSchema":"1a1c01bbd47fc00a2c39e90264f33305004495a9","hash":"2d88078a1ee237c25f6e92f01c92c89326034a25"}
,"C:\\repositorios\\faculdade\\api-express-N1\\src\\rules\\subcategoria.js": {"path":"C:\\repositorios\\faculdade\\api-express-N1\\src\\rules\\subcategoria.js","statementMap":{"0":{"start":{"line":1,"column":11},"end":{"line":1,"column":39}},"1":{"start":{"line":3,"column":0},"end":{"line":89,"column":1}},"2":{"start":{"line":6,"column":8},"end":{"line":33,"column":11}},"3":{"start":{"line":7,"column":24},"end":{"line":7,"column":26}},"4":{"start":{"line":8,"column":22},"end":{"line":19,"column":60}},"5":{"start":{"line":20,"column":12},"end":{"line":22,"column":13}},"6":{"start":{"line":21,"column":16},"end":{"line":21,"column":66}},"7":{"start":{"line":24,"column":12},"end":{"line":32,"column":15}},"8":{"start":{"line":25,"column":16},"end":{"line":25,"column":35}},"9":{"start":{"line":25,"column":25},"end":{"line":25,"column":35}},"10":{"start":{"line":26,"column":16},"end":{"line":29,"column":19}},"11":{"start":{"line":27,"column":32},"end":{"line":27,"column":43}},"12":{"start":{"line":28,"column":20},"end":{"line":28,"column":34}},"13":{"start":{"line":30,"column":28},"end":{"line":30,"column":54}},"14":{"start":{"line":31,"column":16},"end":{"line":31,"column":29}},"15":{"start":{"line":37,"column":8},"end":{"line":47,"column":11}},"16":{"start":{"line":38,"column":22},"end":{"line":40,"column":138}},"17":{"start":{"line":42,"column":12},"end":{"line":46,"column":15}},"18":{"start":{"line":43,"column":16},"end":{"line":43,"column":35}},"19":{"start":{"line":43,"column":25},"end":{"line":43,"column":35}},"20":{"start":{"line":44,"column":28},"end":{"line":44,"column":67}},"21":{"start":{"line":45,"column":16},"end":{"line":45,"column":29}},"22":{"start":{"line":51,"column":8},"end":{"line":53,"column":9}},"23":{"start":{"line":52,"column":12},"end":{"line":52,"column":63}},"24":{"start":{"line":54,"column":8},"end":{"line":56,"column":9}},"25":{"start":{"line":55,"column":12},"end":{"line":55,"column":65}},"26":{"start":{"line":57,"column":8},"end":{"line":72,"column":11}},"27":{"start":{"line":58,"column":26},"end":{"line":58,"column":43}},"28":{"start":{"line":59,"column":22},"end":{"line":65,"column":55}},"29":{"start":{"line":67,"column":12},"end":{"line":71,"column":15}},"30":{"start":{"line":68,"column":16},"end":{"line":68,"column":35}},"31":{"start":{"line":68,"column":25},"end":{"line":68,"column":35}},"32":{"start":{"line":69,"column":28},"end":{"line":69,"column":67}},"33":{"start":{"line":70,"column":16},"end":{"line":70,"column":29}},"34":{"start":{"line":76,"column":8},"end":{"line":86,"column":11}},"35":{"start":{"line":77,"column":22},"end":{"line":80,"column":65}},"36":{"start":{"line":82,"column":12},"end":{"line":85,"column":15}},"37":{"start":{"line":83,"column":16},"end":{"line":83,"column":35}},"38":{"start":{"line":83,"column":25},"end":{"line":83,"column":35}},"39":{"start":{"line":84,"column":16},"end":{"line":84,"column":77}}},"fnMap":{"0":{"name":"(anonymous_0)","decl":{"start":{"line":5,"column":4},"end":{"line":5,"column":5}},"loc":{"start":{"line":5,"column":48},"end":{"line":34,"column":5}},"line":5},"1":{"name":"(anonymous_1)","decl":{"start":{"line":6,"column":27},"end":{"line":6,"column":28}},"loc":{"start":{"line":6,"column":40},"end":{"line":33,"column":9}},"line":6},"2":{"name":"(anonymous_2)","decl":{"start":{"line":24,"column":36},"end":{"line":24,"column":37}},"loc":{"start":{"line":24,"column":53},"end":{"line":32,"column":13}},"line":24},"3":{"name":"(anonymous_3)","decl":{"start":{"line":26,"column":44},"end":{"line":26,"column":45}},"loc":{"start":{"line":26,"column":53},"end":{"line":29,"column":17}},"line":26},"4":{"name":"(anonymous_4)","decl":{"start":{"line":36,"column":4},"end":{"line":36,"column":5}},"loc":{"start":{"line":36,"column":38},"end":{"line":48,"column":5}},"line":36},"5":{"name":"(anonymous_5)","decl":{"start":{"line":37,"column":27},"end":{"line":37,"column":28}},"loc":{"start":{"line":37,"column":40},"end":{"line":47,"column":9}},"line":37},"6":{"name":"(anonymous_6)","decl":{"start":{"line":42,"column":36},"end":{"line":42,"column":37}},"loc":{"start":{"line":42,"column":53},"end":{"line":46,"column":13}},"line":42},"7":{"name":"(anonymous_7)","decl":{"start":{"line":50,"column":4},"end":{"line":50,"column":5}},"loc":{"start":{"line":50,"column":53},"end":{"line":73,"column":5}},"line":50},"8":{"name":"(anonymous_8)","decl":{"start":{"line":57,"column":27},"end":{"line":57,"column":28}},"loc":{"start":{"line":57,"column":40},"end":{"line":72,"column":9}},"line":57},"9":{"name":"(anonymous_9)","decl":{"start":{"line":67,"column":36},"end":{"line":67,"column":37}},"loc":{"start":{"line":67,"column":53},"end":{"line":71,"column":13}},"line":67},"10":{"name":"(anonymous_10)","decl":{"start":{"line":75,"column":4},"end":{"line":75,"column":5}},"loc":{"start":{"line":75,"column":51},"end":{"line":87,"column":5}},"line":75},"11":{"name":"(anonymous_11)","decl":{"start":{"line":76,"column":27},"end":{"line":76,"column":28}},"loc":{"start":{"line":76,"column":40},"end":{"line":86,"column":9}},"line":76},"12":{"name":"(anonymous_12)","decl":{"start":{"line":82,"column":36},"end":{"line":82,"column":37}},"loc":{"start":{"line":82,"column":53},"end":{"line":85,"column":13}},"line":82}},"branchMap":{"0":{"loc":{"start":{"line":20,"column":12},"end":{"line":22,"column":13}},"type":"if","locations":[{"start":{"line":20,"column":12},"end":{"line":22,"column":13}},{"start":{},"end":{}}],"line":20},"1":{"loc":{"start":{"line":25,"column":16},"end":{"line":25,"column":35}},"type":"if","locations":[{"start":{"line":25,"column":16},"end":{"line":25,"column":35}},{"start":{},"end":{}}],"line":25},"2":{"loc":{"start":{"line":30,"column":28},"end":{"line":30,"column":54}},"type":"cond-expr","locations":[{"start":{"line":30,"column":42},"end":{"line":30,"column":48}},{"start":{"line":30,"column":51},"end":{"line":30,"column":54}}],"line":30},"3":{"loc":{"start":{"line":40,"column":117},"end":{"line":40,"column":134}},"type":"cond-expr","locations":[{"start":{"line":40,"column":129},"end":{"line":40,"column":130}},{"start":{"line":40,"column":133},"end":{"line":40,"column":134}}],"line":40},"4":{"loc":{"start":{"line":43,"column":16},"end":{"line":43,"column":35}},"type":"if","locations":[{"start":{"line":43,"column":16},"end":{"line":43,"column":35}},{"start":{},"end":{}}],"line":43},"5":{"loc":{"start":{"line":44,"column":28},"end":{"line":44,"column":67}},"type":"cond-expr","locations":[{"start":{"line":44,"column":55},"end":{"line":44,"column":59}},{"start":{"line":44,"column":62},"end":{"line":44,"column":67}}],"line":44},"6":{"loc":{"start":{"line":51,"column":8},"end":{"line":53,"column":9}},"type":"if","locations":[{"start":{"line":51,"column":8},"end":{"line":53,"column":9}},{"start":{},"end":{}}],"line":51},"7":{"loc":{"start":{"line":54,"column":8},"end":{"line":56,"column":9}},"type":"if","locations":[{"start":{"line":54,"column":8},"end":{"line":56,"column":9}},{"start":{},"end":{}}],"line":54},"8":{"loc":{"start":{"line":58,"column":26},"end":{"line":58,"column":43}},"type":"cond-expr","locations":[{"start":{"line":58,"column":38},"end":{"line":58,"column":39}},{"start":{"line":58,"column":42},"end":{"line":58,"column":43}}],"line":58},"9":{"loc":{"start":{"line":68,"column":16},"end":{"line":68,"column":35}},"type":"if","locations":[{"start":{"line":68,"column":16},"end":{"line":68,"column":35}},{"start":{},"end":{}}],"line":68},"10":{"loc":{"start":{"line":69,"column":28},"end":{"line":69,"column":67}},"type":"cond-expr","locations":[{"start":{"line":69,"column":55},"end":{"line":69,"column":59}},{"start":{"line":69,"column":62},"end":{"line":69,"column":67}}],"line":69},"11":{"loc":{"start":{"line":83,"column":16},"end":{"line":83,"column":35}},"type":"if","locations":[{"start":{"line":83,"column":16},"end":{"line":83,"column":35}},{"start":{},"end":{}}],"line":83}},"s":{"0":1,"1":1,"2":0,"3":0,"4":0,"5":0,"6":0,"7":0,"8":0,"9":0,"10":0,"11":0,"12":0,"13":0,"14":0,"15":0,"16":0,"17":0,"18":0,"19":0,"20":0,"21":0,"22":0,"23":0,"24":0,"25":0,"26":0,"27":0,"28":0,"29":0,"30":0,"31":0,"32":0,"33":0,"34":0,"35":0,"36":0,"37":0,"38":0,"39":0},"f":{"0":0,"1":0,"2":0,"3":0,"4":0,"5":0,"6":0,"7":0,"8":0,"9":0,"10":0,"11":0,"12":0},"b":{"0":[0,0],"1":[0,0],"2":[0,0],"3":[0,0],"4":[0,0],"5":[0,0],"6":[0,0],"7":[0,0],"8":[0,0],"9":[0,0],"10":[0,0],"11":[0,0]},"_coverageSchema":"1a1c01bbd47fc00a2c39e90264f33305004495a9","hash":"643867d847d619b293ef0b3cb42b2b807dcd7487"}
,"C:\\repositorios\\faculdade\\api-express-N1\\src\\rules\\usuario.js": {"path":"C:\\repositorios\\faculdade\\api-express-N1\\src\\rules\\usuario.js","statementMap":{"0":{"start":{"line":1,"column":11},"end":{"line":1,"column":39}},"1":{"start":{"line":3,"column":0},"end":{"line":89,"column":1}},"2":{"start":{"line":6,"column":8},"end":{"line":33,"column":11}},"3":{"start":{"line":7,"column":24},"end":{"line":7,"column":26}},"4":{"start":{"line":8,"column":22},"end":{"line":19,"column":56}},"5":{"start":{"line":20,"column":12},"end":{"line":22,"column":13}},"6":{"start":{"line":21,"column":16},"end":{"line":21,"column":56}},"7":{"start":{"line":24,"column":12},"end":{"line":32,"column":15}},"8":{"start":{"line":25,"column":16},"end":{"line":25,"column":35}},"9":{"start":{"line":25,"column":25},"end":{"line":25,"column":35}},"10":{"start":{"line":26,"column":16},"end":{"line":29,"column":19}},"11":{"start":{"line":27,"column":32},"end":{"line":27,"column":43}},"12":{"start":{"line":28,"column":20},"end":{"line":28,"column":34}},"13":{"start":{"line":30,"column":28},"end":{"line":30,"column":52}},"14":{"start":{"line":31,"column":16},"end":{"line":31,"column":29}},"15":{"start":{"line":37,"column":8},"end":{"line":48,"column":11}},"16":{"start":{"line":38,"column":22},"end":{"line":41,"column":94}},"17":{"start":{"line":43,"column":12},"end":{"line":47,"column":15}},"18":{"start":{"line":44,"column":16},"end":{"line":44,"column":35}},"19":{"start":{"line":44,"column":25},"end":{"line":44,"column":35}},"20":{"start":{"line":45,"column":28},"end":{"line":45,"column":67}},"21":{"start":{"line":46,"column":16},"end":{"line":46,"column":29}},"22":{"start":{"line":52,"column":8},"end":{"line":54,"column":9}},"23":{"start":{"line":53,"column":12},"end":{"line":53,"column":63}},"24":{"start":{"line":55,"column":8},"end":{"line":73,"column":11}},"25":{"start":{"line":56,"column":26},"end":{"line":56,"column":43}},"26":{"start":{"line":57,"column":22},"end":{"line":65,"column":55}},"27":{"start":{"line":66,"column":12},"end":{"line":66,"column":29}},"28":{"start":{"line":68,"column":12},"end":{"line":72,"column":15}},"29":{"start":{"line":69,"column":16},"end":{"line":69,"column":35}},"30":{"start":{"line":69,"column":25},"end":{"line":69,"column":35}},"31":{"start":{"line":70,"column":28},"end":{"line":70,"column":67}},"32":{"start":{"line":71,"column":16},"end":{"line":71,"column":29}},"33":{"start":{"line":77,"column":8},"end":{"line":86,"column":11}},"34":{"start":{"line":78,"column":22},"end":{"line":80,"column":55}},"35":{"start":{"line":82,"column":12},"end":{"line":85,"column":15}},"36":{"start":{"line":83,"column":16},"end":{"line":83,"column":35}},"37":{"start":{"line":83,"column":25},"end":{"line":83,"column":35}},"38":{"start":{"line":84,"column":16},"end":{"line":84,"column":69}}},"fnMap":{"0":{"name":"(anonymous_0)","decl":{"start":{"line":5,"column":4},"end":{"line":5,"column":5}},"loc":{"start":{"line":5,"column":30},"end":{"line":34,"column":5}},"line":5},"1":{"name":"(anonymous_1)","decl":{"start":{"line":6,"column":27},"end":{"line":6,"column":28}},"loc":{"start":{"line":6,"column":40},"end":{"line":33,"column":9}},"line":6},"2":{"name":"(anonymous_2)","decl":{"start":{"line":24,"column":36},"end":{"line":24,"column":37}},"loc":{"start":{"line":24,"column":53},"end":{"line":32,"column":13}},"line":24},"3":{"name":"(anonymous_3)","decl":{"start":{"line":26,"column":44},"end":{"line":26,"column":45}},"loc":{"start":{"line":26,"column":53},"end":{"line":29,"column":17}},"line":26},"4":{"name":"(anonymous_4)","decl":{"start":{"line":36,"column":4},"end":{"line":36,"column":5}},"loc":{"start":{"line":36,"column":25},"end":{"line":49,"column":5}},"line":36},"5":{"name":"(anonymous_5)","decl":{"start":{"line":37,"column":27},"end":{"line":37,"column":28}},"loc":{"start":{"line":37,"column":40},"end":{"line":48,"column":9}},"line":37},"6":{"name":"(anonymous_6)","decl":{"start":{"line":43,"column":36},"end":{"line":43,"column":37}},"loc":{"start":{"line":43,"column":53},"end":{"line":47,"column":13}},"line":43},"7":{"name":"(anonymous_7)","decl":{"start":{"line":51,"column":4},"end":{"line":51,"column":5}},"loc":{"start":{"line":51,"column":35},"end":{"line":74,"column":5}},"line":51},"8":{"name":"(anonymous_8)","decl":{"start":{"line":55,"column":27},"end":{"line":55,"column":28}},"loc":{"start":{"line":55,"column":40},"end":{"line":73,"column":9}},"line":55},"9":{"name":"(anonymous_9)","decl":{"start":{"line":68,"column":36},"end":{"line":68,"column":37}},"loc":{"start":{"line":68,"column":53},"end":{"line":72,"column":13}},"line":68},"10":{"name":"(anonymous_10)","decl":{"start":{"line":76,"column":4},"end":{"line":76,"column":5}},"loc":{"start":{"line":76,"column":33},"end":{"line":87,"column":5}},"line":76},"11":{"name":"(anonymous_11)","decl":{"start":{"line":77,"column":27},"end":{"line":77,"column":28}},"loc":{"start":{"line":77,"column":40},"end":{"line":86,"column":9}},"line":77},"12":{"name":"(anonymous_12)","decl":{"start":{"line":82,"column":36},"end":{"line":82,"column":37}},"loc":{"start":{"line":82,"column":53},"end":{"line":85,"column":13}},"line":82}},"branchMap":{"0":{"loc":{"start":{"line":20,"column":12},"end":{"line":22,"column":13}},"type":"if","locations":[{"start":{"line":20,"column":12},"end":{"line":22,"column":13}},{"start":{},"end":{}}],"line":20},"1":{"loc":{"start":{"line":25,"column":16},"end":{"line":25,"column":35}},"type":"if","locations":[{"start":{"line":25,"column":16},"end":{"line":25,"column":35}},{"start":{},"end":{}}],"line":25},"2":{"loc":{"start":{"line":30,"column":28},"end":{"line":30,"column":52}},"type":"cond-expr","locations":[{"start":{"line":30,"column":40},"end":{"line":30,"column":46}},{"start":{"line":30,"column":49},"end":{"line":30,"column":52}}],"line":30},"3":{"loc":{"start":{"line":41,"column":73},"end":{"line":41,"column":90}},"type":"cond-expr","locations":[{"start":{"line":41,"column":85},"end":{"line":41,"column":86}},{"start":{"line":41,"column":89},"end":{"line":41,"column":90}}],"line":41},"4":{"loc":{"start":{"line":44,"column":16},"end":{"line":44,"column":35}},"type":"if","locations":[{"start":{"line":44,"column":16},"end":{"line":44,"column":35}},{"start":{},"end":{}}],"line":44},"5":{"loc":{"start":{"line":45,"column":28},"end":{"line":45,"column":67}},"type":"cond-expr","locations":[{"start":{"line":45,"column":55},"end":{"line":45,"column":59}},{"start":{"line":45,"column":62},"end":{"line":45,"column":67}}],"line":45},"6":{"loc":{"start":{"line":52,"column":8},"end":{"line":54,"column":9}},"type":"if","locations":[{"start":{"line":52,"column":8},"end":{"line":54,"column":9}},{"start":{},"end":{}}],"line":52},"7":{"loc":{"start":{"line":56,"column":26},"end":{"line":56,"column":43}},"type":"cond-expr","locations":[{"start":{"line":56,"column":38},"end":{"line":56,"column":39}},{"start":{"line":56,"column":42},"end":{"line":56,"column":43}}],"line":56},"8":{"loc":{"start":{"line":69,"column":16},"end":{"line":69,"column":35}},"type":"if","locations":[{"start":{"line":69,"column":16},"end":{"line":69,"column":35}},{"start":{},"end":{}}],"line":69},"9":{"loc":{"start":{"line":70,"column":28},"end":{"line":70,"column":67}},"type":"cond-expr","locations":[{"start":{"line":70,"column":55},"end":{"line":70,"column":59}},{"start":{"line":70,"column":62},"end":{"line":70,"column":67}}],"line":70},"10":{"loc":{"start":{"line":83,"column":16},"end":{"line":83,"column":35}},"type":"if","locations":[{"start":{"line":83,"column":16},"end":{"line":83,"column":35}},{"start":{},"end":{}}],"line":83}},"s":{"0":1,"1":1,"2":0,"3":0,"4":0,"5":0,"6":0,"7":0,"8":0,"9":0,"10":0,"11":0,"12":0,"13":0,"14":0,"15":0,"16":0,"17":0,"18":0,"19":0,"20":0,"21":0,"22":0,"23":0,"24":0,"25":0,"26":0,"27":0,"28":0,"29":0,"30":0,"31":0,"32":0,"33":0,"34":0,"35":0,"36":0,"37":0,"38":0},"f":{"0":0,"1":0,"2":0,"3":0,"4":0,"5":0,"6":0,"7":0,"8":0,"9":0,"10":0,"11":0,"12":0},"b":{"0":[0,0],"1":[0,0],"2":[0,0],"3":[0,0],"4":[0,0],"5":[0,0],"6":[0,0],"7":[0,0],"8":[0,0],"9":[0,0],"10":[0,0]},"_coverageSchema":"1a1c01bbd47fc00a2c39e90264f33305004495a9","hash":"18df59c5272633ef7d30e638de258912b3825f33"}
}
